<?xml version="1.0" encoding="utf-8"?><testsuites name="pytest tests"><testsuite name="pytest" errors="0" failures="0" skipped="0" tests="91" time="78.848" timestamp="2026-06-21T22:24:39.704975+00:00" hostname="agent-env-e06fdae6-4236-47a1-867e-302c8f6ecbec"><testcase classname="backend.tests.test_f0b_entity_scoping" name="test_list_no_header_admin_scoped_to_home_ksc[/purchase-orders]" time="0.726" /><testcase classname="backend.tests.test_f0b_entity_scoping" name="test_list_no_header_admin_scoped_to_home_ksc[/vendor-bills]" time="0.106" /><testcase classname="backend.tests.test_f0b_entity_scoping" name="test_list_no_header_admin_scoped_to_home_ksc[/suppliers]" time="0.099" /><testcase classname="backend.tests.test_f0b_entity_scoping" name="test_list_no_header_admin_scoped_to_home_ksc[/rfqs]" time="0.108" /><testcase classname="backend.tests.test_f0b_entity_scoping" name="test_list_no_header_admin_scoped_to_home_ksc[/purchase-requisitions]" time="0.134" /><testcase classname="backend.tests.test_f0b_entity_scoping" name="test_list_no_header_admin_scoped_to_home_ksc[/sales-returns]" time="0.104" /><testcase classname="backend.tests.test_f0b_entity_scoping" name="test_list_no_header_admin_scoped_to_home_ksc[/special-orders]" time="0.137" /><testcase classname="backend.tests.test_f0b_entity_scoping" name="test_list_no_header_admin_scoped_to_home_ksc[/price-approvals]" time="0.110" /><testcase classname="backend.tests.test_f0b_entity_scoping" name="test_list_no_header_admin_scoped_to_home_ksc[/tax-invoices]" time="0.106" /><testcase classname="backend.tests.test_f0b_entity_scoping" name="test_list_no_header_admin_scoped_to_home_ksc[/input-tax-invoices]" time="0.109" /><testcase classname="backend.tests.test_f0b_entity_scoping" name="test_list_no_header_admin_scoped_to_home_ksc[/ar-receipts]" time="0.112" /><testcase classname="backend.tests.test_f0b_entity_scoping" name="test_list_no_header_admin_scoped_to_home_ksc[/cash-transactions]" time="0.103" /><testcase classname="backend.tests.test_f0b_entity_scoping" name="test_list_no_header_admin_scoped_to_home_ksc[/bank-accounts]" time="0.102" /><testcase classname="backend.tests.test_f0b_entity_scoping" name="test_list_header_switch_to_kanda[/purchase-orders]" time="0.100" /><testcase classname="backend.tests.test_f0b_entity_scoping" name="test_list_header_switch_to_kanda[/vendor-bills]" time="0.102" /><testcase classname="backend.tests.test_f0b_entity_scoping" name="test_list_header_switch_to_kanda[/suppliers]" time="0.101" /><testcase classname="backend.tests.test_f0b_entity_scoping" name="test_list_header_switch_to_kanda[/rfqs]" time="0.114" /><testcase classname="backend.tests.test_f0b_entity_scoping" name="test_list_header_switch_to_kanda[/purchase-requisitions]" time="0.103" /><testcase classname="backend.tests.test_f0b_entity_scoping" name="test_list_header_switch_to_kanda[/sales-returns]" time="0.131" /><testcase classname="backend.tests.test_f0b_entity_scoping" name="test_list_header_switch_to_kanda[/special-orders]" time="0.107" /><testcase classname="backend.tests.test_f0b_entity_scoping" name="test_list_header_switch_to_kanda[/price-approvals]" time="0.111" /><testcase classname="backend.tests.test_f0b_entity_scoping" name="test_list_header_switch_to_kanda[/tax-invoices]" time="0.097" /><testcase classname="backend.tests.test_f0b_entity_scoping" name="test_list_header_switch_to_kanda[/input-tax-invoices]" time="0.096" /><testcase classname="backend.tests.test_f0b_entity_scoping" name="test_list_header_switch_to_kanda[/ar-receipts]" time="0.124" /><testcase classname="backend.tests.test_f0b_entity_scoping" name="test_list_header_switch_to_kanda[/cash-transactions]" time="0.121" /><testcase classname="backend.tests.test_f0b_entity_scoping" name="test_list_header_switch_to_kanda[/bank-accounts]" time="0.160" /><testcase classname="backend.tests.test_f0b_entity_scoping" name="test_list_view_all_via_header_admin[/purchase-orders]" time="0.234" /><testcase classname="backend.tests.test_f0b_entity_scoping" name="test_list_view_all_via_header_admin[/vendor-bills]" time="0.221" /><testcase classname="backend.tests.test_f0b_entity_scoping" name="test_list_view_all_via_header_admin[/suppliers]" time="0.208" /><testcase classname="backend.tests.test_f0b_entity_scoping" name="test_list_view_all_via_header_admin[/rfqs]" time="0.209" /><testcase classname="backend.tests.test_f0b_entity_scoping" name="test_list_view_all_via_header_admin[/purchase-requisitions]" time="0.239" /><testcase classname="backend.tests.test_f0b_entity_scoping" name="test_list_view_all_via_header_admin[/sales-returns]" time="0.209" /><testcase classname="backend.tests.test_f0b_entity_scoping" name="test_list_view_all_via_header_admin[/special-orders]" time="0.226" /><testcase classname="backend.tests.test_f0b_entity_scoping" name="test_list_view_all_via_header_admin[/price-approvals]" time="0.244" /><testcase classname="backend.tests.test_f0b_entity_scoping" name="test_list_view_all_via_header_admin[/tax-invoices]" time="0.218" /><testcase classname="backend.tests.test_f0b_entity_scoping" name="test_list_view_all_via_header_admin[/input-tax-invoices]" time="0.315" /><testcase classname="backend.tests.test_f0b_entity_scoping" name="test_list_view_all_via_header_admin[/ar-receipts]" time="0.211" /><testcase classname="backend.tests.test_f0b_entity_scoping" name="test_list_view_all_via_header_admin[/cash-transactions]" time="0.203" /><testcase classname="backend.tests.test_f0b_entity_scoping" name="test_list_view_all_via_header_admin[/bank-accounts]" time="0.215" /><testcase classname="backend.tests.test_f0b_entity_scoping" name="test_list_view_all_via_query_admin[/purchase-orders]" time="0.104" /><testcase classname="backend.tests.test_f0b_entity_scoping" name="test_list_view_all_via_query_admin[/vendor-bills]" time="0.145" /><testcase classname="backend.tests.test_f0b_entity_scoping" name="test_list_view_all_via_query_admin[/suppliers]" time="0.114" /><testcase classname="backend.tests.test_f0b_entity_scoping" name="test_list_view_all_via_query_admin[/rfqs]" time="0.115" /><testcase classname="backend.tests.test_f0b_entity_scoping" name="test_list_view_all_via_query_admin[/purchase-requisitions]" time="0.123" /><testcase classname="backend.tests.test_f0b_entity_scoping" name="test_list_view_all_via_query_admin[/sales-returns]" time="0.100" /><testcase classname="backend.tests.test_f0b_entity_scoping" name="test_list_view_all_via_query_admin[/special-orders]" time="0.120" /><testcase classname="backend.tests.test_f0b_entity_scoping" name="test_list_view_all_via_query_admin[/price-approvals]" time="0.103" /><testcase classname="backend.tests.test_f0b_entity_scoping" name="test_list_view_all_via_query_admin[/tax-invoices]" time="0.122" /><testcase classname="backend.tests.test_f0b_entity_scoping" name="test_list_view_all_via_query_admin[/input-tax-invoices]" time="0.100" /><testcase classname="backend.tests.test_f0b_entity_scoping" name="test_list_view_all_via_query_admin[/ar-receipts]" time="0.108" /><testcase classname="backend.tests.test_f0b_entity_scoping" name="test_list_view_all_via_query_admin[/cash-transactions]" time="0.102" /><testcase classname="backend.tests.test_f0b_entity_scoping" name="test_list_view_all_via_query_admin[/bank-accounts]" time="0.108" /><testcase classname="backend.tests.test_f0b_entity_scoping" name="test_query_param_priority_over_header[/purchase-orders]" time="0.105" /><testcase classname="backend.tests.test_f0b_entity_scoping" name="test_query_param_priority_over_header[/vendor-bills]" time="0.106" /><testcase classname="backend.tests.test_f0b_entity_scoping" name="test_query_param_priority_over_header[/suppliers]" time="0.111" /><testcase classname="backend.tests.test_f0b_entity_scoping" name="test_query_param_priority_over_header[/rfqs]" time="0.107" /><testcase classname="backend.tests.test_f0b_entity_scoping" name="test_query_param_priority_over_header[/purchase-requisitions]" time="0.100" /><testcase classname="backend.tests.test_f0b_entity_scoping" name="test_query_param_priority_over_header[/sales-returns]" time="0.111" /><testcase classname="backend.tests.test_f0b_entity_scoping" name="test_query_param_priority_over_header[/special-orders]" time="0.113" /><testcase classname="backend.tests.test_f0b_entity_scoping" name="test_query_param_priority_over_header[/price-approvals]" time="0.112" /><testcase classname="backend.tests.test_f0b_entity_scoping" name="test_query_param_priority_over_header[/tax-invoices]" time="0.116" /><testcase classname="backend.tests.test_f0b_entity_scoping" name="test_query_param_priority_over_header[/input-tax-invoices]" time="0.117" /><testcase classname="backend.tests.test_f0b_entity_scoping" name="test_query_param_priority_over_header[/ar-receipts]" time="0.104" /><testcase classname="backend.tests.test_f0b_entity_scoping" name="test_query_param_priority_over_header[/cash-transactions]" time="0.108" /><testcase classname="backend.tests.test_f0b_entity_scoping" name="test_query_param_priority_over_header[/bank-accounts]" time="0.102" /><testcase classname="backend.tests.test_f0b_entity_scoping" name="test_sales3_request_ksc_customers_403" time="0.110" /><testcase classname="backend.tests.test_f0b_entity_scoping" name="test_sales3_request_ksc_sales_orders_403" time="0.102" /><testcase classname="backend.tests.test_f0b_entity_scoping" name="test_sales3_no_param_scoped_to_kanda" time="0.114" /><testcase classname="backend.tests.test_f0b_entity_scoping" name="test_admin_can_filter_each_entity[ent_ksc]" time="0.109" /><testcase classname="backend.tests.test_f0b_entity_scoping" name="test_admin_can_filter_each_entity[ent_kanda]" time="0.112" /><testcase classname="backend.tests.test_f0b_entity_scoping" name="test_cash_kas_besar_visible_in_all_contexts" time="0.464" /><testcase classname="backend.tests.test_f0b_entity_scoping" name="test_bank_accounts_group_visible" time="0.231" /><testcase classname="backend.tests.test_f0b_entity_scoping" name="test_admin_get_by_id_both_entities" time="0.454" /><testcase classname="backend.tests.test_f0b_entity_scoping" name="test_summary_endpoints_no_500[/vendor-bills/payables/summary]" time="0.428" /><testcase classname="backend.tests.test_f0b_entity_scoping" name="test_summary_endpoints_no_500[/purchase-orders/payables/summary]" time="0.440" /><testcase classname="backend.tests.test_f0b_entity_scoping" name="test_summary_endpoints_no_500[/cash-transactions/summary]" time="0.435" /><testcase classname="backend.tests.test_f0b_entity_scoping" name="test_summary_endpoints_no_500[/purchase-orders/blanket]" time="40.546" /><testcase classname="backend.tests.test_f0b_entity_scoping" name="test_create_supplier_stamping" time="0.356" /><testcase classname="backend.tests.test_f0b_entity_scoping" name="test_no_regression_500[/purchase-orders]" time="20.493" /><testcase classname="backend.tests.test_f0b_entity_scoping" name="test_no_regression_500[/vendor-bills]" time="0.432" /><testcase classname="backend.tests.test_f0b_entity_scoping" name="test_no_regression_500[/suppliers]" time="0.439" /><testcase classname="backend.tests.test_f0b_entity_scoping" name="test_no_regression_500[/rfqs]" time="0.404" /><testcase classname="backend.tests.test_f0b_entity_scoping" name="test_no_regression_500[/purchase-requisitions]" time="0.397" /><testcase classname="backend.tests.test_f0b_entity_scoping" name="test_no_regression_500[/sales-returns]" time="0.395" /><testcase classname="backend.tests.test_f0b_entity_scoping" name="test_no_regression_500[/special-orders]" time="0.427" /><testcase classname="backend.tests.test_f0b_entity_scoping" name="test_no_regression_500[/price-approvals]" time="0.420" /><testcase classname="backend.tests.test_f0b_entity_scoping" name="test_no_regression_500[/tax-invoices]" time="0.394" /><testcase classname="backend.tests.test_f0b_entity_scoping" name="test_no_regression_500[/input-tax-invoices]" time="0.401" /><testcase classname="backend.tests.test_f0b_entity_scoping" name="test_no_regression_500[/ar-receipts]" time="0.407" /><testcase classname="backend.tests.test_f0b_entity_scoping" name="test_no_regression_500[/cash-transactions]" time="0.410" /><testcase classname="backend.tests.test_f0b_entity_scoping" name="test_no_regression_500[/bank-accounts]" time="0.443" /></testsuite></testsuites>