<?xml version="1.0" encoding="utf-8"?><testsuites name="pytest tests"><testsuite name="pytest" errors="0" failures="0" skipped="0" tests="64" time="9.967" timestamp="2026-06-22T05:19:40.324338+00:00" hostname="agent-env-e06fdae6-4236-47a1-867e-302c8f6ecbec"><testcase classname="tests.test_f0cdef_multientity.TestF0C_OperationalIsolation" name="test_default_scope_home[/wms/tasks]" time="0.438" /><testcase classname="tests.test_f0cdef_multientity.TestF0C_OperationalIsolation" name="test_default_scope_home[/shipments]" time="0.111" /><testcase classname="tests.test_f0cdef_multientity.TestF0C_OperationalIsolation" name="test_default_scope_home[/inventory/rolls]" time="0.105" /><testcase classname="tests.test_f0cdef_multientity.TestF0C_OperationalIsolation" name="test_default_scope_home[/inventory/balances]" time="0.101" /><testcase classname="tests.test_f0cdef_multientity.TestF0C_OperationalIsolation" name="test_default_scope_home[/inventory/movements]" time="0.095" /><testcase classname="tests.test_f0cdef_multientity.TestF0C_OperationalIsolation" name="test_header_ent_kanda[/wms/tasks]" time="0.102" /><testcase classname="tests.test_f0cdef_multientity.TestF0C_OperationalIsolation" name="test_header_ent_kanda[/shipments]" time="0.099" /><testcase classname="tests.test_f0cdef_multientity.TestF0C_OperationalIsolation" name="test_header_ent_kanda[/inventory/rolls]" time="0.098" /><testcase classname="tests.test_f0cdef_multientity.TestF0C_OperationalIsolation" name="test_header_ent_kanda[/inventory/balances]" time="1.135" /><testcase classname="tests.test_f0cdef_multientity.TestF0C_OperationalIsolation" name="test_header_ent_kanda[/inventory/movements]" time="0.094" /><testcase classname="tests.test_f0cdef_multientity.TestF0C_OperationalIsolation" name="test_view_all_superset[/wms/tasks]" time="0.298" /><testcase classname="tests.test_f0cdef_multientity.TestF0C_OperationalIsolation" name="test_view_all_superset[/shipments]" time="0.294" /><testcase classname="tests.test_f0cdef_multientity.TestF0C_OperationalIsolation" name="test_view_all_superset[/inventory/rolls]" time="0.300" /><testcase classname="tests.test_f0cdef_multientity.TestF0C_OperationalIsolation" name="test_view_all_superset[/inventory/balances]" time="0.296" /><testcase classname="tests.test_f0cdef_multientity.TestF0C_OperationalIsolation" name="test_view_all_superset[/inventory/movements]" time="0.287" /><testcase classname="tests.test_f0cdef_multientity.TestF0C_OperationalIsolation" name="test_wms_tasks_expected_counts" time="0.299" /><testcase classname="tests.test_f0cdef_multientity.TestF0C_OperationalIsolation" name="test_shipments_expected_counts" time="0.296" /><testcase classname="tests.test_f0cdef_multientity.TestF0D_NumberingPerEntity" name="test_so_ksc_prefix" time="0.321" /><testcase classname="tests.test_f0cdef_multientity.TestF0D_NumberingPerEntity" name="test_so_ksc_sequence" time="0.105" /><testcase classname="tests.test_f0cdef_multientity.TestF0D_NumberingPerEntity" name="test_so_kanda_prefix" time="0.105" /><testcase classname="tests.test_f0cdef_multientity.TestF0D_NumberingPerEntity" name="test_so_sequences_independent" time="0.344" /><testcase classname="tests.test_f0cdef_multientity.TestF0D_NumberingPerEntity" name="test_po_ksc_prefix" time="0.184" /><testcase classname="tests.test_f0cdef_multientity.TestF0D_NumberingPerEntity" name="test_po_kanda_prefix" time="0.194" /><testcase classname="tests.test_f0cdef_multientity.TestF0E_GLSeparation" name="test_tb_ksc_balanced" time="0.102" /><testcase classname="tests.test_f0cdef_multientity.TestF0E_GLSeparation" name="test_tb_kanda_balanced" time="0.099" /><testcase classname="tests.test_f0cdef_multientity.TestF0E_GLSeparation" name="test_tb_distinct_totals" time="0.000" /><testcase classname="tests.test_f0cdef_multientity.TestF0E_GLSeparation" name="test_tb_all_equals_sum" time="0.104" /><testcase classname="tests.test_f0cdef_multientity.TestF0E_GLSeparation" name="test_journal_kanda_scoped" time="0.094" /><testcase classname="tests.test_f0cdef_multientity.TestF0E_GLSeparation" name="test_gl_summary_scoped" time="0.097" /><testcase classname="tests.test_f0cdef_multientity.TestF0E_PKPPerEntity" name="test_so_ksc_kena_ppn" time="0.286" /><testcase classname="tests.test_f0cdef_multientity.TestF0E_PKPPerEntity" name="test_so_kanda_tanpa_ppn" time="0.102" /><testcase classname="tests.test_f0cdef_multientity.TestF0F_Provisioning" name="test_create_entity_auto_prefix" time="0.097" /><testcase classname="tests.test_f0cdef_multientity.TestF0F_Provisioning" name="test_create_entity_409_duplicate" time="0.091" /><testcase classname="tests.test_f0cdef_multientity.TestF0F_Provisioning" name="test_new_entity_in_list" time="0.097" /><testcase classname="tests.test_f0cdef_multientity.TestRegression" name="test_default_home[/purchase-orders]" time="0.101" /><testcase classname="tests.test_f0cdef_multientity.TestRegression" name="test_default_home[/vendor-bills]" time="0.094" /><testcase classname="tests.test_f0cdef_multientity.TestRegression" name="test_default_home[/suppliers]" time="0.101" /><testcase classname="tests.test_f0cdef_multientity.TestRegression" name="test_default_home[/ar-receipts]" time="0.097" /><testcase classname="tests.test_f0cdef_multientity.TestRegression" name="test_default_home[/cash-transactions]" time="0.096" /><testcase classname="tests.test_f0cdef_multientity.TestRegression" name="test_default_home[/bank-accounts]" time="0.105" /><testcase classname="tests.test_f0cdef_multientity.TestRegression" name="test_default_home[/tax-invoices]" time="0.099" /><testcase classname="tests.test_f0cdef_multientity.TestRegression" name="test_default_home[/sales-returns]" time="0.101" /><testcase classname="tests.test_f0cdef_multientity.TestRegression" name="test_default_home[/special-orders]" time="0.111" /><testcase classname="tests.test_f0cdef_multientity.TestRegression" name="test_default_home[/price-approvals]" time="0.096" /><testcase classname="tests.test_f0cdef_multientity.TestRegression" name="test_kanda_scope[/purchase-orders]" time="0.100" /><testcase classname="tests.test_f0cdef_multientity.TestRegression" name="test_kanda_scope[/vendor-bills]" time="0.096" /><testcase classname="tests.test_f0cdef_multientity.TestRegression" name="test_kanda_scope[/suppliers]" time="0.102" /><testcase classname="tests.test_f0cdef_multientity.TestRegression" name="test_kanda_scope[/ar-receipts]" time="0.108" /><testcase classname="tests.test_f0cdef_multientity.TestRegression" name="test_kanda_scope[/cash-transactions]" time="0.096" /><testcase classname="tests.test_f0cdef_multientity.TestRegression" name="test_kanda_scope[/bank-accounts]" time="0.102" /><testcase classname="tests.test_f0cdef_multientity.TestRegression" name="test_kanda_scope[/tax-invoices]" time="0.094" /><testcase classname="tests.test_f0cdef_multientity.TestRegression" name="test_kanda_scope[/sales-returns]" time="0.121" /><testcase classname="tests.test_f0cdef_multientity.TestRegression" name="test_kanda_scope[/special-orders]" time="0.099" /><testcase classname="tests.test_f0cdef_multientity.TestRegression" name="test_kanda_scope[/price-approvals]" time="0.093" /><testcase classname="tests.test_f0cdef_multientity.TestRegression" name="test_view_all[/purchase-orders]" time="0.100" /><testcase classname="tests.test_f0cdef_multientity.TestRegression" name="test_view_all[/vendor-bills]" time="0.104" /><testcase classname="tests.test_f0cdef_multientity.TestRegression" name="test_view_all[/suppliers]" time="0.093" /><testcase classname="tests.test_f0cdef_multientity.TestRegression" name="test_view_all[/ar-receipts]" time="0.098" /><testcase classname="tests.test_f0cdef_multientity.TestRegression" name="test_view_all[/cash-transactions]" time="0.099" /><testcase classname="tests.test_f0cdef_multientity.TestRegression" name="test_view_all[/bank-accounts]" time="0.100" /><testcase classname="tests.test_f0cdef_multientity.TestRegression" name="test_view_all[/tax-invoices]" time="0.100" /><testcase classname="tests.test_f0cdef_multientity.TestRegression" name="test_view_all[/sales-returns]" time="0.092" /><testcase classname="tests.test_f0cdef_multientity.TestRegression" name="test_view_all[/special-orders]" time="0.103" /><testcase classname="tests.test_f0cdef_multientity.TestRegression" name="test_view_all[/price-approvals]" time="0.097" /></testsuite></testsuites>