<?xml version="1.0" encoding="utf-8"?><testsuites name="pytest tests"><testsuite name="pytest" errors="0" failures="0" skipped="0" tests="16" time="4.376" timestamp="2026-06-22T05:53:27.583087+00:00" hostname="agent-env-0b61fdc9-03b1-441a-b2d8-86ceb6e75f78"><testcase classname="backend.tests.test_f1a_pricelist.TestConsolidation" name="test_admin_consolidation_shape" time="0.646" /><testcase classname="backend.tests.test_f1a_pricelist.TestConsolidation" name="test_sales_forbidden" time="0.101" /><testcase classname="backend.tests.test_f1a_pricelist.TestConsolidation" name="test_warehouse_forbidden" time="0.095" /><testcase classname="backend.tests.test_f1a_pricelist.TestPricelistGrid" name="test_grid_ksc_default_global" time="0.208" /><testcase classname="backend.tests.test_f1a_pricelist.TestPricelistGrid" name="test_grid_kanda_isolated" time="0.118" /><testcase classname="backend.tests.test_f1a_pricelist.TestCreatePrice" name="test_create_then_grid_shows_entity_only_for_ksc" time="0.307" /><testcase classname="backend.tests.test_f1a_pricelist.TestHistory" name="test_scheduled_not_used_yet" time="0.305" /><testcase classname="backend.tests.test_f1a_pricelist.TestSOIntegration" name="test_so_uses_entity_price_for_ksc" time="0.241" /><testcase classname="backend.tests.test_f1a_pricelist.TestSOIntegration" name="test_so_uses_global_for_kanda" time="0.201" /><testcase classname="backend.tests.test_f1a_pricelist.TestPatchDeleteRBAC" name="test_patch_price" time="0.197" /><testcase classname="backend.tests.test_f1a_pricelist.TestPatchDeleteRBAC" name="test_delete_falls_back_to_global" time="0.401" /><testcase classname="backend.tests.test_f1a_pricelist.TestPatchDeleteRBAC" name="test_sales_rbac_view_only" time="0.288" /><testcase classname="backend.tests.test_f1a_pricelist.TestRegression" name="test_products_has_global_price" time="0.105" /><testcase classname="backend.tests.test_f1a_pricelist.TestRegression" name="test_so_list_ok" time="0.110" /><testcase classname="backend.tests.test_f1a_pricelist.TestRegression" name="test_gl_trial_balance_ok" time="0.109" /><testcase classname="backend.tests.test_f1a_pricelist.TestRegression" name="test_gl_summary_ok" time="0.850" /></testsuite></testsuites>