<?xml version="1.0" encoding="utf-8"?><testsuites name="pytest tests"><testsuite name="pytest" errors="0" failures="0" skipped="0" tests="20" time="3.956" timestamp="2026-06-22T06:14:40.946904+00:00" hostname="agent-env-0b61fdc9-03b1-441a-b2d8-86ceb6e75f78"><testcase classname="backend.tests.test_f1b_product_templates" name="test_create_template_invalid_no_name" time="0.325" /><testcase classname="backend.tests.test_f1b_product_templates" name="test_create_template_ok" time="0.097" /><testcase classname="backend.tests.test_f1b_product_templates" name="test_generate_variants_cartesian" time="0.102" /><testcase classname="backend.tests.test_f1b_product_templates" name="test_generate_variants_idempotent" time="0.100" /><testcase classname="backend.tests.test_f1b_product_templates" name="test_generate_variants_subset_axes" time="0.103" /><testcase classname="backend.tests.test_f1b_product_templates" name="test_get_template_detail" time="0.101" /><testcase classname="backend.tests.test_f1b_product_templates" name="test_list_templates" time="0.095" /><testcase classname="backend.tests.test_f1b_product_templates" name="test_list_templates_search" time="0.099" /><testcase classname="backend.tests.test_f1b_product_templates" name="test_assign_and_detach" time="0.543" /><testcase classname="backend.tests.test_f1b_product_templates" name="test_products_include_template_fields" time="0.105" /><testcase classname="backend.tests.test_f1b_product_templates" name="test_patch_product_template_id" time="0.409" /><testcase classname="backend.tests.test_f1b_product_templates" name="test_rbac_sales_cannot_create" time="0.193" /><testcase classname="backend.tests.test_f1b_product_templates" name="test_rbac_manager_cannot_create" time="0.203" /><testcase classname="backend.tests.test_f1b_product_templates" name="test_rbac_sales_can_view" time="0.094" /><testcase classname="backend.tests.test_f1b_product_templates" name="test_rbac_manager_can_view" time="0.101" /><testcase classname="backend.tests.test_f1b_product_templates" name="test_rbac_sales_cannot_generate" time="0.098" /><testcase classname="backend.tests.test_f1b_product_templates" name="test_rbac_sales_cannot_delete" time="0.096" /><testcase classname="backend.tests.test_f1b_product_templates" name="test_delete_template_non_destructive" time="0.395" /><testcase classname="backend.tests.test_f1b_product_templates" name="test_regression_endpoints" time="0.402" /><testcase classname="backend.tests.test_f1b_product_templates" name="test_products_seed_count_preserved" time="0.119" /></testsuite></testsuites>