<?xml version="1.0" encoding="utf-8"?><testsuites name="pytest tests"><testsuite name="pytest" errors="0" failures="2" skipped="0" tests="20" time="5.339" timestamp="2026-06-22T06:31:41.587490+00:00" hostname="agent-env-0b61fdc9-03b1-441a-b2d8-86ceb6e75f78"><testcase classname="backend.tests.test_f2_stock_buckets.TestBucketsBoard" name="test_get_buckets_admin_returns_products" time="0.369" /><testcase classname="backend.tests.test_f2_stock_buckets.TestBucketsBoard" name="test_filter_product_id" time="0.108" /><testcase classname="backend.tests.test_f2_stock_buckets.TestBucketsBoard" name="test_initial_baseline_available" time="0.112" /><testcase classname="backend.tests.test_f2_stock_buckets.TestHoldFlow" name="test_hold_changes_balances_correctly" time="0.312" /><testcase classname="backend.tests.test_f2_stock_buckets.TestHoldFlow" name="test_hold_listed_with_enrichment" time="0.104" /><testcase classname="backend.tests.test_f2_stock_buckets.TestHoldFlow" name="test_hold_exceeds_available_409" time="0.215" /><testcase classname="backend.tests.test_f2_stock_buckets.TestHoldFlow" name="test_release_hold_restores_balance" time="0.343" /><testcase classname="backend.tests.test_f2_stock_buckets.TestSplitPartial" name="test_partial_hold_splits_roll" time="0.301" /><testcase classname="backend.tests.test_f2_stock_buckets.TestWipFlow" name="test_wip_start_then_complete" time="0.594" /><testcase classname="backend.tests.test_f2_stock_buckets.TestRBAC" name="test_sales_can_view_buckets" time="0.196" /><testcase classname="backend.tests.test_f2_stock_buckets.TestRBAC" name="test_sales_cannot_hold" time="0.106" /><testcase classname="backend.tests.test_f2_stock_buckets.TestRBAC" name="test_sales_cannot_wip_start" time="0.095" /><testcase classname="backend.tests.test_f2_stock_buckets.TestRBAC" name="test_warehouse_can_hold" time="0.203"><failure message="AssertionError: {&quot;detail&quot;:&quot;Permission ditolak: inventory.update&quot;}&#10;assert 403 == 200&#10; +  where 403 = &lt;Response [403]&gt;.status_code">backend/tests/test_f2_stock_buckets.py:283: in test_warehouse_can_hold
    assert r.status_code == 200, r.text
E   AssertionError: {"detail":"Permission ditolak: inventory.update"}
E   assert 403 == 200
E    +  where 403 = &lt;Response [403]&gt;.status_code</failure></testcase><testcase classname="backend.tests.test_f2_stock_buckets.TestRBAC" name="test_manager_can_wip" time="0.221"><failure message="AssertionError: {&quot;detail&quot;:&quot;Permission ditolak: inventory.update&quot;}&#10;assert 403 == 200&#10; +  where 403 = &lt;Response [403]&gt;.status_code">backend/tests/test_f2_stock_buckets.py:292: in test_manager_can_wip
    assert r.status_code == 200, r.text
E   AssertionError: {"detail":"Permission ditolak: inventory.update"}
E   assert 403 == 200
E    +  where 403 = &lt;Response [403]&gt;.status_code</failure></testcase><testcase classname="backend.tests.test_f2_stock_buckets.TestEntityScoping" name="test_sales_cannot_hold_other_entity" time="0.096" /><testcase classname="backend.tests.test_f2_stock_buckets.TestRegression" name="test_inventory_balances_200" time="0.099" /><testcase classname="backend.tests.test_f2_stock_buckets.TestRegression" name="test_status_board_200" time="0.091" /><testcase classname="backend.tests.test_f2_stock_buckets.TestRegression" name="test_sales_orders_200" time="0.108" /><testcase classname="backend.tests.test_f2_stock_buckets.TestRegression" name="test_products_200" time="0.105" /><testcase classname="backend.tests.test_f2_stock_buckets.TestRegression" name="test_on_hand_includes_hold_wip" time="1.434" /></testsuite></testsuites>