<?xml version="1.0" encoding="utf-8"?><testsuites name="pytest tests"><testsuite name="pytest" errors="0" failures="0" skipped="0" tests="13" time="5.523" timestamp="2026-07-02T16:46:32.625172+00:00" hostname="agent-env-8972a315-c636-43d2-b86e-f9a77a520c56"><testcase classname="tests.test_gelombang3_auth_ppn12.TestAuth" name="test_login_admin_returns_token_user_context_and_cookie" time="0.421" /><testcase classname="tests.test_gelombang3_auth_ppn12.TestAuth" name="test_me_via_cookie_only" time="0.377" /><testcase classname="tests.test_gelombang3_auth_ppn12.TestAuth" name="test_me_via_bearer_only" time="0.436" /><testcase classname="tests.test_gelombang3_auth_ppn12.TestAuth" name="test_all_roles_login_and_bcrypt_migration" time="1.422" /><testcase classname="tests.test_gelombang3_auth_ppn12.TestAuth" name="test_logout_invalidates_session" time="0.530" /><testcase classname="tests.test_gelombang3_auth_ppn12.TestAuth" name="test_wrong_password_401" time="0.332" /><testcase classname="tests.test_gelombang3_auth_ppn12.TestPajakConfig" name="test_compute_tax_ent_ksc" time="0.381" /><testcase classname="tests.test_gelombang3_auth_ppn12.TestPajakConfig" name="test_compute_tax_ent_kanda_non_pkp" time="0.049" /><testcase classname="tests.test_gelombang3_auth_ppn12.TestSalesOrderPPN" name="test_order_saves_dpp_nilai_lain_and_effective_rate" time="0.188" /><testcase classname="tests.test_gelombang3_auth_ppn12.TestSalesOrderGL" name="test_payment_creates_balanced_je_with_revenue_equals_grand_minus_ppn" time="0.066" /><testcase classname="tests.test_gelombang3_auth_ppn12.TestFakturPajak" name="test_issue_tax_invoice_defaults_to_kode_04" time="0.285" /><testcase classname="tests.test_gelombang3_auth_ppn12.TestPurchaseOrderPPN" name="test_po_uses_effective_rate_11" time="0.240" /><testcase classname="tests.test_gelombang3_auth_ppn12.TestLockoutLast" name="test_lockout_after_5_failures" time="0.692" /></testsuite></testsuites>