<?xml version="1.0" encoding="utf-8"?><testsuites name="pytest tests"><testsuite name="pytest" errors="0" failures="1" skipped="0" tests="18" time="45.966" timestamp="2026-07-01T21:51:43.637141+00:00" hostname="agent-env-8972a315-c636-43d2-b86e-f9a77a520c56"><testcase classname="tests.test_gelombang1_gl_integrity.TestFlow2_GoodsReceipt_GL" name="test_a_create_po" time="0.565" /><testcase classname="tests.test_gelombang1_gl_integrity.TestFlow2_GoodsReceipt_GL" name="test_b_approve_if_needed" time="0.051" /><testcase classname="tests.test_gelombang1_gl_integrity.TestFlow2_GoodsReceipt_GL" name="test_c_scan_receive" time="0.094" /><testcase classname="tests.test_gelombang1_gl_integrity.TestFlow2_GoodsReceipt_GL" name="test_d_complete_and_verify_gl" time="1.117" /><testcase classname="tests.test_gelombang1_gl_integrity.TestFlow2_GoodsReceipt_GL" name="test_e_idempotency_check" time="0.118" /><testcase classname="tests.test_gelombang1_gl_integrity.TestFlow3_VendorBill_GL" name="test_a_prerequisite" time="0.000" /><testcase classname="tests.test_gelombang1_gl_integrity.TestFlow3_VendorBill_GL" name="test_b_create_and_submit_bill" time="0.114" /><testcase classname="tests.test_gelombang1_gl_integrity.TestFlow3_VendorBill_GL" name="test_c_approve_if_pending" time="0.000" /><testcase classname="tests.test_gelombang1_gl_integrity.TestFlow3_VendorBill_GL" name="test_d_verify_gl_posted" time="42.092"><failure message="AssertionError: JE vendor_bill tidak muncul utk vbill_8120d7bbe128&#10;assert 0 &gt;= 1&#10; +  where 0 = len([])">E   AssertionError: JE vendor_bill tidak muncul utk vbill_8120d7bbe128
    assert 0 &gt;= 1
     +  where 0 = len([])</failure></testcase><testcase classname="tests.test_gelombang1_gl_integrity.TestFlow3_VendorBill_GL" name="test_e_pay_bill_and_verify_cash_je" time="1.124" /><testcase classname="tests.test_gelombang1_gl_integrity.TestFlow3_VendorBill_GL" name="test_f_trial_balance_no_debit_ap" time="0.051" /><testcase classname="tests.test_gelombang1_gl_integrity.TestFlow4_Reconciliation" name="test_a_recon_endpoint" time="0.052" /><testcase classname="tests.test_gelombang1_gl_integrity.TestFlow4_Reconciliation" name="test_b_opening_balance_idempotent" time="0.105" /><testcase classname="tests.test_gelombang1_gl_integrity.TestFlow5_Regresi" name="test_a_trial_balance_as_of_covers_full_day" time="0.096" /><testcase classname="tests.test_gelombang1_gl_integrity.TestFlow5_Regresi" name="test_b_income_statement_ok" time="0.051" /><testcase classname="tests.test_gelombang1_gl_integrity.TestFlow5_Regresi" name="test_c_balance_sheet_balanced" time="0.051" /><testcase classname="tests.test_gelombang1_gl_integrity.TestFlow5_Regresi" name="test_d_gl_sync_idempotent" time="0.126" /><testcase classname="tests.test_gelombang1_gl_integrity.TestRegresi_SO" name="test_a_list_sales_orders" time="0.053" /></testsuite></testsuites>