<?xml version="1.0" encoding="utf-8"?><testsuites name="pytest tests"><testsuite name="pytest" errors="0" failures="0" skipped="0" tests="10" time="2.382" timestamp="2026-07-03T17:34:39.562429+00:00" hostname="agent-env-20fd3194-a065-41d0-89bb-d079d5cde021"><testcase classname="tests.test_m3_auto_elim_consolidation.TestManualElimRegression" name="test_manual_elim_create_untouched_by_sync" time="1.074" /><testcase classname="tests.test_m3_auto_elim_consolidation.TestAutoElimSync" name="test_sync_creates_auto_elim_for_new_pair" time="1.074" /><testcase classname="tests.test_m3_auto_elim_consolidation.TestAutoElimSync" name="test_second_sync_skips_existing" time="0.148" /><testcase classname="tests.test_m3_auto_elim_consolidation.TestManualElimRegression" name="test_delete_manual_elim" time="0.169" /><testcase classname="tests.test_m3_auto_elim_consolidation.TestAutoElimSync" name="test_delete_and_resync_recreates" time="0.371" /><testcase classname="tests.test_m3_auto_elim_consolidation.TestManualElimRegression" name="test_list_eliminations_endpoint" time="0.061" /><testcase classname="tests.test_m3_auto_elim_consolidation.TestManualElimRegression" name="test_create_unbalanced_still_accepted_but_flagged" time="0.121" /><testcase classname="tests.test_m3_auto_elim_consolidation.TestConsolidationSummary" name="test_summary_triggers_auto_sync_and_returns_auto_count" time="0.054" /><testcase classname="tests.test_m3_auto_elim_consolidation.TestConsolidationSummary" name="test_consolidation_impact_matches_ic_total" time="0.054" /><testcase classname="tests.test_m3_auto_elim_consolidation.TestConsolidationSummary" name="test_no_duplicate_auto_elim" time="0.206" /></testsuite></testsuites>