<?xml version="1.0" encoding="utf-8"?><testsuites name="pytest tests"><testsuite name="pytest" errors="0" failures="0" skipped="0" tests="17" time="2.679" timestamp="2026-07-03T17:03:51.322740+00:00" hostname="agent-env-20fd3194-a065-41d0-89bb-d079d5cde021"><testcase classname="tests.test_m3_coa_per_pt_and_ic_transfer.TestCoAPerPT" name="test_list_accounts_global_only_no_entity_param" time="0.738" /><testcase classname="tests.test_m3_coa_per_pt_and_ic_transfer.TestIcTransferJE" name="test_ic_transfer_approve_posts_balanced_je_both_sides" time="1.043" /><testcase classname="tests.test_m3_coa_per_pt_and_ic_transfer.TestCoAPerPT" name="test_list_accounts_effective_view_for_entity" time="0.140" /><testcase classname="tests.test_m3_coa_per_pt_and_ic_transfer.TestCoAPerPT" name="test_create_pt_only_account" time="0.233" /><testcase classname="tests.test_m3_coa_per_pt_and_ic_transfer.TestIcTransferJE" name="test_trial_balance_balanced_both_pt" time="0.098" /><testcase classname="tests.test_m3_coa_per_pt_and_ic_transfer.TestCoAPerPT" name="test_override_existing_template_account" time="0.330" /><testcase classname="tests.test_m3_coa_per_pt_and_ic_transfer.TestIcTransferJE" name="test_ic_transfer_idempotent_via_service" time="0.289" /><testcase classname="tests.test_m3_coa_per_pt_and_ic_transfer.TestIcTransferJE" name="test_rejected_ic_transfer_no_je" time="0.151" /><testcase classname="tests.test_m3_coa_per_pt_and_ic_transfer.TestCoAPerPT" name="test_patch_autocreates_override_from_template" time="0.361" /><testcase classname="tests.test_m3_coa_per_pt_and_ic_transfer.TestIcTransferJE" name="test_intra_entity_transfer_no_ic_je" time="0.093" /><testcase classname="tests.test_m3_coa_per_pt_and_ic_transfer.TestRegression" name="test_gl_summary_ok" time="0.049" /><testcase classname="tests.test_m3_coa_per_pt_and_ic_transfer.TestRegression" name="test_gl_journal_ok" time="0.048" /><testcase classname="tests.test_m3_coa_per_pt_and_ic_transfer.TestRegression" name="test_dashboard_ok" time="0.056" /><testcase classname="tests.test_m3_coa_per_pt_and_ic_transfer.TestCoAPerPT" name="test_delete_override_only_removes_override" time="0.221" /><testcase classname="tests.test_m3_coa_per_pt_and_ic_transfer.TestRegression" name="test_sales_orders_ok" time="0.047" /><testcase classname="tests.test_m3_coa_per_pt_and_ic_transfer.TestRegression" name="test_seed_default_coa_idempotent" time="0.160" /><testcase classname="tests.test_m3_coa_per_pt_and_ic_transfer.TestCoAPerPT" name="test_delete_system_template_forbidden" time="0.045" /></testsuite></testsuites>