<?xml version="1.0" encoding="utf-8"?><testsuites name="pytest tests"><testsuite name="pytest" errors="0" failures="0" skipped="0" tests="5" time="2.008" timestamp="2026-07-03T17:03:43.486048+00:00" hostname="agent-env-20fd3194-a065-41d0-89bb-d079d5cde021"><testcase classname="tests.test_m3_coa_per_pt_and_ic_transfer.TestIcTransferJE" name="test_ic_transfer_approve_posts_balanced_je_both_sides" time="0.751" /><testcase classname="tests.test_m3_coa_per_pt_and_ic_transfer.TestIcTransferJE" name="test_trial_balance_balanced_both_pt" time="0.099" /><testcase classname="tests.test_m3_coa_per_pt_and_ic_transfer.TestIcTransferJE" name="test_ic_transfer_idempotent_via_service" time="0.209" /><testcase classname="tests.test_m3_coa_per_pt_and_ic_transfer.TestIcTransferJE" name="test_rejected_ic_transfer_no_je" time="0.153" /><testcase classname="tests.test_m3_coa_per_pt_and_ic_transfer.TestIcTransferJE" name="test_intra_entity_transfer_no_ic_je" time="0.091" /></testsuite></testsuites>