<?xml version="1.0" encoding="utf-8"?><testsuites name="pytest tests"><testsuite name="pytest" errors="0" failures="0" skipped="0" tests="13" time="1.968" timestamp="2026-07-30T12:26:57.273085+00:00" hostname="agent-env-8541cfba-4b15-4407-a485-5a2441ae1715"><testcase classname="tests.test_interco_g6" name="test_00_cleanup" time="0.083" /><testcase classname="tests.test_interco_g6" name="test_01_login_returns_token_and_cookie" time="0.499" /><testcase classname="tests.test_interco_g6" name="test_02_meta" time="0.046" /><testcase classname="tests.test_interco_g6" name="test_03_summary_initial_zero" time="0.048" /><testcase classname="tests.test_interco_g6" name="test_04_create_transaction_at_cost_pair" time="0.064" /><testcase classname="tests.test_interco_g6" name="test_05_fixed_price_without_contract_rejected" time="0.052" /><testcase classname="tests.test_interco_g6" name="test_06_summary_after_create" time="0.049" /><testcase classname="tests.test_interco_g6" name="test_07_accounts_pair_balances" time="0.049" /><testcase classname="tests.test_interco_g6" name="test_08_gl_entries_balanced_and_correct_accounts" time="0.047" /><testcase classname="tests.test_interco_g6" name="test_09_ship_receive_invoice_cycle" time="0.144" /><testcase classname="tests.test_interco_g6" name="test_10_partial_settlement" time="0.161" /><testcase classname="tests.test_interco_g6" name="test_11_full_settlement_marks_settled" time="0.155" /><testcase classname="tests.test_interco_g6" name="test_12_list_settlements" time="0.049" /></testsuite></testsuites>