<?xml version="1.0" encoding="utf-8"?><testsuites name="pytest tests"><testsuite name="pytest" errors="0" failures="0" skipped="0" tests="16" time="3.537" timestamp="2026-07-03T15:24:28.080770+00:00" hostname="agent-env-20fd3194-a065-41d0-89bb-d079d5cde021"><testcase classname="tests.test_price_approvals_supersede" name="test_critical_endpoints_ok[/dashboard]" time="0.553" /><testcase classname="tests.test_price_approvals_supersede" name="test_critical_endpoints_ok[/products]" time="0.054" /><testcase classname="tests.test_price_approvals_supersede" name="test_critical_endpoints_ok[/customers]" time="0.068" /><testcase classname="tests.test_price_approvals_supersede" name="test_critical_endpoints_ok[/sales-orders]" time="0.052" /><testcase classname="tests.test_price_approvals_supersede" name="test_critical_endpoints_ok[/inventory/balances]" time="0.061" /><testcase classname="tests.test_price_approvals_supersede" name="test_critical_endpoints_ok[/inventory/status-board]" time="0.052" /><testcase classname="tests.test_price_approvals_supersede" name="test_critical_endpoints_ok[/purchase-orders]" time="0.049" /><testcase classname="tests.test_price_approvals_supersede" name="test_critical_endpoints_ok[/wms/tasks]" time="0.053" /><testcase classname="tests.test_price_approvals_supersede" name="test_critical_endpoints_ok[/audit-logs]" time="0.051" /><testcase classname="tests.test_price_approvals_supersede" name="test_lifecycle_create_submit_approve" time="0.389" /><testcase classname="tests.test_price_approvals_supersede" name="test_reject_flow" time="0.099" /><testcase classname="tests.test_price_approvals_supersede" name="test_supersede_standing_same_tuple" time="0.396" /><testcase classname="tests.test_price_approvals_supersede" name="test_supersede_zero_when_no_prior" time="0.202" /><testcase classname="tests.test_price_approvals_supersede" name="test_supersede_ignores_different_customer" time="0.259" /><testcase classname="tests.test_price_approvals_supersede" name="test_supersede_ignores_different_product" time="0.250" /><testcase classname="tests.test_price_approvals_supersede" name="test_order_scope_not_superseded_and_does_not_supersede" time="0.302" /></testsuite></testsuites>