<?xml version="1.0" encoding="utf-8"?><testsuites name="pytest tests"><testsuite name="pytest" errors="0" failures="0" skipped="1" tests="29" time="4.084" timestamp="2026-07-03T15:36:01.847497+00:00" hostname="agent-env-20fd3194-a065-41d0-89bb-d079d5cde021"><testcase classname="tests.test_price_approval_supersede_notification" name="test_critical_endpoints_ok[/dashboard]" time="0.720" /><testcase classname="tests.test_price_approvals_supersede" name="test_critical_endpoints_ok[/dashboard]" time="0.724" /><testcase classname="tests.test_price_approval_supersede_notification" name="test_critical_endpoints_ok[/products]" time="0.053" /><testcase classname="tests.test_price_approvals_supersede" name="test_critical_endpoints_ok[/products]" time="0.055" /><testcase classname="tests.test_price_approval_supersede_notification" name="test_critical_endpoints_ok[/customers]" time="0.050" /><testcase classname="tests.test_price_approvals_supersede" name="test_critical_endpoints_ok[/customers]" time="0.050" /><testcase classname="tests.test_price_approval_supersede_notification" name="test_critical_endpoints_ok[/sales-orders]" time="0.052" /><testcase classname="tests.test_price_approvals_supersede" name="test_critical_endpoints_ok[/sales-orders]" time="0.052" /><testcase classname="tests.test_price_approval_supersede_notification" name="test_critical_endpoints_ok[/notifications]" time="0.048" /><testcase classname="tests.test_price_approvals_supersede" name="test_critical_endpoints_ok[/inventory/balances]" time="0.052" /><testcase classname="tests.test_price_approval_supersede_notification" name="test_critical_endpoints_ok[/notifications/unread-count]" time="0.050" /><testcase classname="tests.test_price_approvals_supersede" name="test_critical_endpoints_ok[/inventory/status-board]" time="0.050" /><testcase classname="tests.test_price_approvals_supersede" name="test_critical_endpoints_ok[/purchase-orders]" time="0.080" /><testcase classname="tests.test_price_approvals_supersede" name="test_critical_endpoints_ok[/wms/tasks]" time="0.239" /><testcase classname="tests.test_price_approval_supersede_notification" name="test_notifications_shape_for_sales" time="0.371" /><testcase classname="tests.test_price_approvals_supersede" name="test_critical_endpoints_ok[/audit-logs]" time="0.050" /><testcase classname="tests.test_price_approval_supersede_notification" name="test_supersede_creates_notification_for_sales_owner" time="0.384" /><testcase classname="tests.test_price_approvals_supersede" name="test_lifecycle_create_submit_approve" time="0.441" /><testcase classname="tests.test_price_approval_supersede_notification" name="test_supersede_notification_deduped_on_second_supersede" time="0.511" /><testcase classname="tests.test_price_approvals_supersede" name="test_reject_flow" time="0.145" /><testcase classname="tests.test_price_approvals_supersede" name="test_supersede_standing_same_tuple" time="0.441" /><testcase classname="tests.test_price_approval_supersede_notification" name="test_order_scope_approve_does_not_notify" time="0.179" /><testcase classname="tests.test_price_approvals_supersede" name="test_supersede_zero_when_no_prior" time="0.234" /><testcase classname="tests.test_price_approval_supersede_notification" name="test_no_supersede_no_notification_and_zero_count" time="0.048"><skipped type="pytest.skip" message="tuple has 1 prior approved standing rows; skip">/app/backend/tests/test_price_approval_supersede_notification.py:323: tuple has 1 prior approved standing rows; skip</skipped></testcase><testcase classname="tests.test_price_approval_supersede_notification" name="test_reject_flow_creates_no_supersede_notification" time="0.196" /><testcase classname="tests.test_price_approvals_supersede" name="test_supersede_ignores_different_customer" time="0.304" /><testcase classname="tests.test_price_approval_supersede_notification" name="test_audit_contains_superseded_count" time="0.342" /><testcase classname="tests.test_price_approvals_supersede" name="test_supersede_ignores_different_product" time="0.296" /><testcase classname="tests.test_price_approvals_supersede" name="test_order_scope_not_superseded_and_does_not_supersede" time="0.305" /></testsuite></testsuites>